<?xml version="1.0" encoding="UTF-8"?>
<!-- Generated by org.testng.reporters.JUnitReportReporter -->
<testsuite hostname="DESKTOP-SDSM3OO" failures="0" tests="2" name="com.runner.TestRunner" time="9.113" errors="0" timestamp="22 Mar 2023 05:21:04 GMT" skipped="0">
  <testcase classname="com.runner.TestRunner" name="runScenario" time="4.879"/>
  <testcase classname="com.runner.TestRunner" name="runScenario" time="4.234"/>
</testsuite> <!-- com.runner.TestRunner -->
